f:\ni\practice\microbridge\lpr\20171206\activate\activate\debug\vc120.pdb
f:\ni\practice\microbridge\lpr\20171206\activate\activate\debug\main.obj
f:\ni\practice\microbridge\lpr\20171206\activate\activate\debug\gethardinformation.obj
f:\ni\practice\microbridge\lpr\20171206\activate\activate\debug\moc_activate.obj
f:\ni\practice\microbridge\lpr\20171206\activate\activate\debug\checknetwork.obj
f:\ni\practice\microbridge\lpr\20171206\activate\activate\debug\base64.obj
f:\ni\practice\microbridge\lpr\20171206\activate\activate\debug\aes.obj
f:\ni\practice\microbridge\lpr\20171206\activate\activate\debug\activate.obj
f:\ni\practice\microbridge\lpr\20171206\activate\activate\debug\qrc_activate.obj
f:\ni\practice\microbridge\lpr\20171206\activate\activate\generatedfiles\debug\moc_activate.cpp
f:\ni\practice\microbridge\lpr\20171206\activate\activate\generatedfiles\ui_activate.h
f:\ni\practice\microbridge\lpr\20171206\activate\activate\generatedfiles\qrc_activate.cpp
f:\ni\practice\microbridge\lpr\20171206\activate\win32\debug\activate.ilk
f:\ni\practice\microbridge\lpr\20171206\activate\win32\debug\activate.exe
f:\ni\practice\microbridge\lpr\20171206\activate\win32\debug\activate.pdb
f:\ni\practice\microbridge\lpr\20171206\activate\activate\debug\activate.res
f:\ni\practice\microbridge\lpr\20171206\activate\activate\debug\activate.tlog\cl.command.1.tlog
f:\ni\practice\microbridge\lpr\20171206\activate\activate\debug\activate.tlog\cl.read.1.tlog
f:\ni\practice\microbridge\lpr\20171206\activate\activate\debug\activate.tlog\cl.write.1.tlog
f:\ni\practice\microbridge\lpr\20171206\activate\activate\debug\activate.tlog\custombuild.command.1.tlog
f:\ni\practice\microbridge\lpr\20171206\activate\activate\debug\activate.tlog\custombuild.read.1.tlog
f:\ni\practice\microbridge\lpr\20171206\activate\activate\debug\activate.tlog\custombuild.write.1.tlog
f:\ni\practice\microbridge\lpr\20171206\activate\activate\debug\activate.tlog\link.command.1.tlog
f:\ni\practice\microbridge\lpr\20171206\activate\activate\debug\activate.tlog\link.read.1.tlog
f:\ni\practice\microbridge\lpr\20171206\activate\activate\debug\activate.tlog\link.write.1.tlog
f:\ni\practice\microbridge\lpr\20171206\activate\activate\debug\activate.tlog\rc.command.1.tlog
f:\ni\practice\microbridge\lpr\20171206\activate\activate\debug\activate.tlog\rc.read.1.tlog
f:\ni\practice\microbridge\lpr\20171206\activate\activate\debug\activate.tlog\rc.write.1.tlog
