f:\ni\practice\microbridge\lpr\20171206\activate\activate\x64\release\main.obj
f:\ni\practice\microbridge\lpr\20171206\activate\activate\x64\release\moc_activate.obj
f:\ni\practice\microbridge\lpr\20171206\activate\activate\x64\release\checknetwork.obj
f:\ni\practice\microbridge\lpr\20171206\activate\activate\x64\release\base64.obj
f:\ni\practice\microbridge\lpr\20171206\activate\activate\x64\release\aes.obj
f:\ni\practice\microbridge\lpr\20171206\activate\activate\x64\release\activate.obj
f:\ni\practice\microbridge\lpr\20171206\activate\activate\x64\release\qrc_activate.obj
f:\ni\practice\microbridge\lpr\20171206\activate\activate\generatedfiles\release\moc_activate.cpp
f:\ni\practice\microbridge\lpr\20171206\activate\activate\generatedfiles\ui_activate.h
f:\ni\practice\microbridge\lpr\20171206\activate\activate\generatedfiles\qrc_activate.cpp
f:\ni\practice\microbridge\lpr\20171206\activate\x64\release\activate.exe
f:\ni\practice\microbridge\lpr\20171206\activate\activate\x64\release\activate.tlog\cl.command.1.tlog
f:\ni\practice\microbridge\lpr\20171206\activate\activate\x64\release\activate.tlog\cl.read.1.tlog
f:\ni\practice\microbridge\lpr\20171206\activate\activate\x64\release\activate.tlog\cl.write.1.tlog
f:\ni\practice\microbridge\lpr\20171206\activate\activate\x64\release\activate.tlog\custombuild.command.1.tlog
f:\ni\practice\microbridge\lpr\20171206\activate\activate\x64\release\activate.tlog\custombuild.read.1.tlog
f:\ni\practice\microbridge\lpr\20171206\activate\activate\x64\release\activate.tlog\custombuild.write.1.tlog
f:\ni\practice\microbridge\lpr\20171206\activate\activate\x64\release\activate.tlog\link.command.1.tlog
f:\ni\practice\microbridge\lpr\20171206\activate\activate\x64\release\activate.tlog\link.read.1.tlog
f:\ni\practice\microbridge\lpr\20171206\activate\activate\x64\release\activate.tlog\link.write.1.tlog
